<?xml version="1.0" encoding="UTF-8"?>
<!-- Generated by org.testng.reporters.JUnitXMLReporter -->
<testsuite ignored="5" hostname="kNadia-device" failures="0" tests="1" name="Default test" time="6.887" errors="0" timestamp="2023-04-26T10:40:00 EDT">
  <testcase classname="com.tutorials.qa.testcases.RegisterTest" name="verifyRegisteringAnAccountByProvidingOnlyTheMandatoryFields" time="1.329"/>
  <testcase classname="com.tutorials.qa.testcases.RegisterTest" name="verifyRegisteringAnAccountByProvidingAllTheFields" time="0.0">
    <ignored/>
  </testcase> <!-- verifyRegisteringAnAccountByProvidingAllTheFields -->
  <testcase classname="com.tutorials.qa.testcases.RegisterTest" name="verifyingRegisteringAccountWithExistingCredentials" time="0.0">
    <ignored/>
  </testcase> <!-- verifyingRegisteringAccountWithExistingCredentials -->
  <testcase classname="com.tutorials.qa.testcases.RegisterTest" name="verifyProperNotificationMessagesAreDisplayedForTheMandatoryFieldsWhenYouDoNotProvideAnyDetiles" time="0.0">
    <ignored/>
  </testcase> <!-- verifyProperNotificationMessagesAreDisplayedForTheMandatoryFieldsWhenYouDoNotProvideAnyDetiles -->
  <testcase classname="com.tutorials.qa.testcases.RegisterTest" name="VerifyRegisteringAnAccountByEnteringDifferentPasswordsIntoPasswordAndPasswordConfirmfields" time="0.0">
    <ignored/>
  </testcase> <!-- VerifyRegisteringAnAccountByEnteringDifferentPasswordsIntoPasswordAndPasswordConfirmfields -->
  <testcase classname="com.tutorials.qa.testcases.RegisterTest" name="VerifyRegisteringTheAccountWithoutSelectingThePrivacyPolicyCheckboxOption" time="0.0">
    <ignored/>
  </testcase> <!-- VerifyRegisteringTheAccountWithoutSelectingThePrivacyPolicyCheckboxOption -->
</testsuite> <!-- Default test -->
