<?xml version="1.0" encoding="UTF-8"?>
<!-- Generated by org.testng.reporters.JUnitXMLReporter -->
<testsuite ignored="0" hostname="kNadia-device" failures="1" tests="3" name="Tutorials Tests" time="10.35" errors="0" timestamp="24 Apr 2023 03:58:56 GMT">
  <testcase classname="com.tutorials.qa.testcases.RegisterTest" name="verifyRegisteringAnAccountByProvidingOnlyTheMandatoryFields" time="1.121"/>
  <testcase classname="com.tutorials.qa.testcases.LoginTest" name="verifyLoggingIntoTheApplicationUsingValidCredentials" time="0.0">
    <failure type="org.testng.TestNGException" message="
Data Provider public static void com.tutorials.qa.testData.SupplyTestData.exelSheetDataSupply() returned a null value">
      <![CDATA[org.testng.TestNGException: 
Data Provider public static void com.tutorials.qa.testData.SupplyTestData.exelSheetDataSupply() returned a null value
... Removed 22 stack frames]]>
    </failure>
  </testcase> <!-- verifyLoggingIntoTheApplicationUsingValidCredentials -->
  <testcase classname="com.tutorials.qa.testcases.SearchProductTest" name="VerifySearchingWithAnExistingProductName" time="0.701"/>
</testsuite> <!-- Tutorials Tests -->
